2025-04-09 21:22:23,612 - INFO - getting latest info.....
2025-04-09 21:22:24,963 - INFO - getting location info.....
2025-04-09 21:22:36,081 - INFO - getting location info.....
2025-04-09 21:22:47,124 - INFO - getting location info.....
2025-04-09 21:22:58,185 - INFO - getting location info.....
2025-04-09 21:23:09,268 - INFO - getting location info.....
2025-04-09 21:23:20,434 - INFO - getting location info.....
2025-04-09 21:23:31,535 - INFO - getting location info.....
2025-04-09 21:23:42,475 - INFO - getting location info.....
2025-04-09 21:23:53,521 - INFO - getting location info.....
2025-04-09 21:24:05,498 - INFO - dlt pipeline for hourly data ingestion ran successfully at 2025-04-10_02-52-22 with message Pipeline gcs_test_pipeline load step completed in 1.80 seconds
1 load package(s) were loaded to destination filesystem and into dataset hourly_data
The filesystem destination used gs://mycity-airquality-bucket location to store data
Load package 1744233743.6085007 is LOADED and contains no failed jobs
2025-04-09 21:46:26,815 - INFO - getting latest info.....
2025-04-09 21:46:28,334 - INFO - getting location info.....
2025-04-09 21:46:39,940 - INFO - getting location info.....
2025-04-09 21:46:51,516 - INFO - getting location info.....
2025-04-09 21:47:03,085 - INFO - getting location info.....
2025-04-09 21:47:14,750 - INFO - getting location info.....
2025-04-09 21:47:26,379 - INFO - getting location info.....
2025-04-09 21:47:37,884 - INFO - getting location info.....
2025-04-09 21:47:49,883 - INFO - getting location info.....
2025-04-09 21:48:01,201 - INFO - getting location info.....
2025-04-09 21:48:13,124 - INFO - dlt pipeline for hourly data ingestion ran successfully at 2025-04-10_03-16-26 with message Pipeline gcs_test_pipeline load step completed in 1.56 seconds
1 load package(s) were loaded to destination filesystem and into dataset hourly_data
The filesystem destination used gs://mycity-airquality-bucket location to store data
Load package 1744235186.810767 is LOADED and contains no failed jobs
2025-04-09 21:52:45,554 - INFO - getting latest info.....
2025-04-09 21:52:47,057 - INFO - getting location info.....
2025-04-09 21:52:58,522 - INFO - getting location info.....
2025-04-09 21:53:09,813 - INFO - getting location info.....
2025-04-09 21:53:21,464 - INFO - getting location info.....
2025-04-09 21:53:32,941 - INFO - getting location info.....
2025-04-09 21:53:44,454 - INFO - getting location info.....
2025-04-09 21:53:56,137 - INFO - getting location info.....
2025-04-09 21:54:07,662 - INFO - getting location info.....
2025-04-09 21:54:19,030 - INFO - getting location info.....
2025-04-09 21:54:31,156 - INFO - dlt pipeline for hourly data ingestion ran successfully at 2025-04-10_03-22-45 with message Pipeline gcs_test_pipeline load step completed in 1.51 seconds
1 load package(s) were loaded to destination filesystem and into dataset hourly_data
The filesystem destination used gs://mycity-airquality-bucket location to store data
Load package 1744235565.5491712 is LOADED and contains no failed jobs
2025-04-10 17:55:13,183 - INFO - getting latest info.....
2025-04-10 17:55:14,523 - INFO - getting location info.....
2025-04-10 17:55:25,639 - INFO - getting location info.....
2025-04-10 17:55:36,809 - INFO - getting location info.....
2025-04-10 17:55:47,940 - INFO - getting location info.....
2025-04-10 17:55:59,088 - INFO - getting location info.....
2025-04-10 17:56:10,106 - INFO - getting location info.....
2025-04-10 17:56:21,381 - INFO - getting location info.....
2025-04-10 17:56:32,640 - INFO - getting location info.....
2025-04-10 17:56:43,649 - INFO - getting location info.....
2025-04-10 17:56:56,022 - INFO - dlt pipeline for hourly data ingestion ran successfully at 2025-04-10_23-25-12 with message Pipeline source_gcs_hourly_pipeline load step completed in 2.17 seconds
1 load package(s) were loaded to destination filesystem and into dataset hourly_data
The filesystem destination used gs://mycity-airquality-bucket location to store data
Load package 1744307713.177785 is LOADED and contains no failed jobs
